<?xml version="1.0" encoding="UTF-8"?>
<testExecutions version="1">
  <file path="C:\Users\Chandradeepta.Laha\Desktop\NextJS-Storefront\nextjs-storefront\components\add-to-cart-dialog\Actions\Actions.spec.tsx">
    <testCase name="[components] Add To Cart Dialog should render component" duration="728"/>
    <testCase name="[components] Add To Cart Dialog should call onGoToCart handler when user clicks on &quot;Go To Cart&quot; button" duration="751"/>
    <testCase name="[components] Add To Cart Dialog should call onContinueShopping habdler when user clicks on &quot;Continue Shopping&quot; button" duration="199"/>
  </file>
  <file path="C:\Users\Chandradeepta.Laha\Desktop\NextJS-Storefront\nextjs-storefront\components\category\CategoryFacet\CategoryFacet.spec.tsx">
    <testCase name="[component] - CategoryFacet should render component" duration="1000"/>
    <testCase name="[component] - CategoryFacet should call onCategoryChildSelection when user selects specific category" duration="262"/>
    <testCase name="[component] - CategoryFacet should call onBackButtonClick when user clicks on Back button" duration="280"/>
    <testCase name="[component] - CategoryFacet should display all the children when user clicks on View More button" duration="320"/>
  </file>
  <file path="C:\Users\Chandradeepta.Laha\Desktop\NextJS-Storefront\nextjs-storefront\__test__\e2e\integration\add-to-cart-dialog\AddToCartDialog\AddToCartDialog.spec.tsx">
    <testCase name="[components] Add To Cart Dialog integration should render component" duration="2362"/>
    <testCase name="[components] Add To Cart Dialog integration should close dialog when user clicks on closeIcon button" duration="497"/>
    <testCase name="[components] Add To Cart Dialog integration should redirect to /cart page when user clicks on &quot;Add To Cart&quot; button" duration="1115"/>
    <testCase name="[components] Add To Cart Dialog integration should close dialog when user clicks on &quot;Continue Shopping&quot; button" duration="547"/>
  </file>
  <file path="C:\Users\Chandradeepta.Laha\Desktop\NextJS-Storefront\nextjs-storefront\components\common\Price\Price.spec.js">
    <testCase name="[components] Price Component when price is available should render price text" duration="201"/>
    <testCase name="[components] Price Component when sale price is available should render price text" duration="198"/>
    <testCase name="[components] Price Component when sale price is available should render sale price text" duration="65"/>
    <testCase name="[components] Price Component when price range is available should render price range text" duration="96"/>
  </file>
  <file path="C:\Users\Chandradeepta.Laha\Desktop\NextJS-Storefront\nextjs-storefront\components\layout\AppHeader\KiboHeader.spec.js">
    <testCase name="[component] KiboHeader component should render the component" duration="1706"/>
    <testCase name="[component] KiboHeader component should render the navlinks" duration="805"/>
    <testCase name="[component] KiboHeader component should render the logo" duration="388"/>
    <testCase name="[component] KiboHeader component should render header actions" duration="1095"/>
    <testCase name="[component] KiboHeader component should render the searchbox" duration="551"/>
    <testCase name="[component] KiboHeader component should render the megamenu section" duration="246"/>
    <testCase name="[component] KiboHeader component should render the hamburger icon in mobile viewport" duration="349"/>
    <testCase name="[component] KiboHeader component should render the searchbox after clicking search icon in mobile viewport" duration="1320"/>
  </file>
  <file path="C:\Users\Chandradeepta.Laha\Desktop\NextJS-Storefront\nextjs-storefront\components\layout\CategoryNestedNavigation\CategoryNestedNavigation.spec.js">
    <testCase name="[component] CategroyNestedNavigation component should render the category-list" duration="1299"/>
    <testCase name="[component] CategroyNestedNavigation component should render only the category-list items where list property isDisplayed is true" duration="757"/>
    <testCase name="[component] CategroyNestedNavigation component should render childrenCategories on click if present and render the previous categories on back click" duration="1946"/>
    <testCase name="[component] CategroyNestedNavigation component should call onCategoryClickMock if childrenCategories are empty" duration="334"/>
  </file>
  <file path="C:\Users\Chandradeepta.Laha\Desktop\NextJS-Storefront\nextjs-storefront\components\filter-by\FacetItem\FacetItem.spec.tsx">
    <testCase name="[components] - FacetItem should render component" duration="1085"/>
  </file>
  <file path="C:\Users\Chandradeepta.Laha\Desktop\NextJS-Storefront\nextjs-storefront\__test__\e2e\integration\cart\CartItem\CartItem.spec.tsx">
    <testCase name="[components] - CartItem Integration should render component" duration="3110"/>
  </file>
  <file path="C:\Users\Chandradeepta.Laha\Desktop\NextJS-Storefront\nextjs-storefront\components\layout\HamburgerMenu\HamburgerMenu.spec.js">
    <testCase name="[component] HamburgerMenu component should render all the list-items if isDrawerOpen props is true" duration="2433"/>
    <testCase name="[component] HamburgerMenu component should not render all the list-items if isDrawerOpen props is false" duration="54"/>
    <testCase name="[component] HamburgerMenu component should render Login button/ My Profile section" duration="966"/>
  </file>
  <file path="C:\Users\Chandradeepta.Laha\Desktop\NextJS-Storefront\nextjs-storefront\components\product\ProductOptionCheckbox\ProductOptionCheckbox.spec.js">
    <testCase name="[component] ProductOptionCheckbox component should render checkbox option" duration="313"/>
    <testCase name="[component] ProductOptionCheckbox component should render checkbox label" duration="85"/>
    <testCase name="[component] ProductOptionCheckbox component should check/uncheck the checkbox" duration="165"/>
  </file>
  <file path="C:\Users\Chandradeepta.Laha\Desktop\NextJS-Storefront\nextjs-storefront\components\filter-by\FacetItemList\FacetItemList.spec.tsx">
    <testCase name="[components] - FacetItemList should render component" duration="171"/>
  </file>
  <file path="C:\Users\Chandradeepta.Laha\Desktop\NextJS-Storefront\nextjs-storefront\components\product\ProductOptionSelect\ProductOptionSelect.spec.js">
    <testCase name="[component] ProductOptionSelect component should render the component" duration="496"/>
    <testCase name="[component] ProductOptionSelect component should call onChange method if value is changed" duration="559"/>
  </file>
  <file path="C:\Users\Chandradeepta.Laha\Desktop\NextJS-Storefront\nextjs-storefront\components\common\SearchBar\SearchBar.spec.tsx">
    <testCase name="[components] - SearchBar should render component" duration="382"/>
    <testCase name="[components] - SearchBar should call onSeach handler and show user entered text on every caracter input" duration="203"/>
    <testCase name="[components] - SearchBar [components] - clear button should not be visible by default" duration="54"/>
    <testCase name="[components] - SearchBar [components] - clear button should be visible when showClearButton = true" duration="113"/>
    <testCase name="[components] - SearchBar [components] - clear button should be only enable when there is text to clear" duration="206"/>
    <testCase name="[components] - SearchBar [components] - clear button should clear the search when user clicks on it" duration="344"/>
  </file>
  <file path="C:\Users\Chandradeepta.Laha\Desktop\NextJS-Storefront\nextjs-storefront\components\common\ProductItem\ProductItem.spec.tsx">
    <testCase name="[component] - ProductItem should render component" duration="625"/>
    <testCase name="[component] - ProductItem should render mock component" duration="196"/>
    <testCase name="[component] - ProductItem with Price Label should render component with price label inside details" duration="223"/>
  </file>
  <file path="C:\Users\Chandradeepta.Laha\Desktop\NextJS-Storefront\nextjs-storefront\__test__\e2e\integration\filter-by\Facet\Facet.spec.tsx">
    <testCase name="[components] - Facet integration should filter facet items when user enters search term" duration="2042"/>
  </file>
  <file path="C:\Users\Chandradeepta.Laha\Desktop\NextJS-Storefront\nextjs-storefront\components\common\KiboDialog\KiboDialog.spec.tsx">
    <testCase name="[components] Dialog Component should not render component by default" duration="199"/>
    <testCase name="[components] Dialog Component should open modal, when isOpen = true" duration="728"/>
    <testCase name="[components] Dialog Component should close modal, when user clicks on close icon" duration="281"/>
  </file>
  <file path="C:\Users\Chandradeepta.Laha\Desktop\NextJS-Storefront\nextjs-storefront\components\filter-by\Facet\Facet.spec.tsx">
    <testCase name="[components] - FacetItem should render component" duration="421"/>
    <testCase name="[components] - FacetItem should expand accordian when user clicks on summery and shrinks again when user clicks again" duration="195"/>
    <testCase name="[components] - FacetItem should hide &quot;View More&quot; when number of items &lt; 6" duration="47"/>
    <testCase name="[components] - FacetItem should show &quot;View More&quot; when number of items &gt; 6" duration="60"/>
    <testCase name="[components] - FacetItem should show &quot;View Less&quot; when user clicks on &quot;View More&quot; and &quot;View More&quot; when clicks again" duration="365"/>
  </file>
  <file path="C:\Users\Chandradeepta.Laha\Desktop\NextJS-Storefront\nextjs-storefront\lib\helpers\__tests__\validateProductVariations.spec.js">
    <testCase name="[helpers] validateProductVariations function should return true if options are not present and the product is purchasable" duration="5"/>
    <testCase name="[helpers] validateProductVariations function should return false if the product is configurable and options are not selected" duration="1"/>
    <testCase name="[helpers] validateProductVariations function should return true if the product is configured and all options are selected" duration="1"/>
  </file>
  <file path="C:\Users\Chandradeepta.Laha\Desktop\NextJS-Storefront\nextjs-storefront\components\common\KiboSelect\KiboSelect.spec.js">
    <testCase name="[component] KiboSelect component should render the component" duration="754"/>
    <testCase name="[component] KiboSelect component should display the error description if passed when error is true" duration="209"/>
    <testCase name="[component] KiboSelect component should call onChange method if option selected " duration="734"/>
  </file>
  <file path="C:\Users\Chandradeepta.Laha\Desktop\NextJS-Storefront\nextjs-storefront\__test__\e2e\integration\common\AddressForm\AddressForm.spec.tsx">
    <testCase name="[components] - AddressForm integration should render component" duration="6731"/>
    <testCase name="[components] - AddressForm integration should show user entered values firstName" duration="1520"/>
    <testCase name="[components] - AddressForm integration should show user entered values lastNameOrSurname" duration="1331"/>
    <testCase name="[components] - AddressForm integration should show user entered values address1" duration="1024"/>
    <testCase name="[components] - AddressForm integration should show user entered values address2" duration="1469"/>
    <testCase name="[components] - AddressForm integration should show user entered values cityOrTown" duration="1257"/>
    <testCase name="[components] - AddressForm integration should show user entered values stateOrProvince" duration="1089"/>
    <testCase name="[components] - AddressForm integration should show user entered values postalOrZipCode" duration="1107"/>
    <testCase name="[components] - AddressForm integration should show user entered values phoneNumbers.home" duration="1127"/>
    <testCase name="[components] - AddressForm integration save shipping address (checkbox) should not render when isUserLoggedIn = false" duration="310"/>
    <testCase name="[components] - AddressForm integration save shipping address (checkbox) should only  when isUserLoggedIn = true" duration="476"/>
    <testCase name="[components] - AddressForm integration should display validation message firstName" duration="1229"/>
    <testCase name="[components] - AddressForm integration should display validation message lastNameOrSurname" duration="1142"/>
    <testCase name="[components] - AddressForm integration should display validation message address1" duration="1232"/>
    <testCase name="[components] - AddressForm integration should display validation message address2" duration="1629"/>
    <testCase name="[components] - AddressForm integration should display validation message cityOrTown" duration="1418"/>
    <testCase name="[components] - AddressForm integration should display validation message stateOrProvince" duration="2000"/>
    <testCase name="[components] - AddressForm integration should display validation message postalOrZipCode" duration="2422"/>
    <testCase name="[components] - AddressForm integration should display validation message phoneNumbers.home" duration="1507"/>
  </file>
  <file path="C:\Users\Chandradeepta.Laha\Desktop\NextJS-Storefront\nextjs-storefront\components\cart\CartItemActionsMobile\CartItemActionsMobile.spec.tsx">
    <testCase name="[component] - CartItemActionsMobile should render component" duration="470"/>
    <testCase name="[component] - CartItemActionsMobile should show popover menu when user clicks on icon button" duration="522"/>
    <testCase name="[component] - CartItemActionsMobile should call onMenuItemClick function when user selects any menu item" duration="392"/>
    <testCase name="[component] - CartItemActionsMobile should hide popover menu when user selects menu item" duration="564"/>
  </file>
  <file path="C:\Users\Chandradeepta.Laha\Desktop\NextJS-Storefront\nextjs-storefront\components\common\AddressForm\AddressForm.spec.tsx">
    <testCase name="[components] - AddressForm should render component" duration="591"/>
    <testCase name="[components] - AddressForm should show user entered value" duration="909"/>
  </file>
  <file path="C:\Users\Chandradeepta.Laha\Desktop\NextJS-Storefront\nextjs-storefront\__test__\e2e\integration\cart\CartItemList\CartItemList.spec.tsx">
    <testCase name="[components] - CartItemList Integration should render component" duration="1137"/>
  </file>
  <file path="C:\Users\Chandradeepta.Laha\Desktop\NextJS-Storefront\nextjs-storefront\components\common\KiboTextBox\KiboTextbox.spec.js">
    <testCase name="[component] KiboTextbox component should render the component" duration="346"/>
    <testCase name="[component] KiboTextbox component should render the component with placeholder" duration="84"/>
    <testCase name="[component] KiboTextbox component should render the component with error when props error is true" duration="74"/>
    <testCase name="[component] KiboTextbox component should render the error helper text when props error is true" duration="148"/>
    <testCase name="[component] KiboTextbox component should call onChange method when user input data" duration="222"/>
  </file>
  <file path="C:\Users\Chandradeepta.Laha\Desktop\NextJS-Storefront\nextjs-storefront\components\add-to-cart-dialog\Content\Content.spec.tsx">
    <testCase name="[components] Add To Cart Dialog should render component" duration="292"/>
  </file>
  <file path="C:\Users\Chandradeepta.Laha\Desktop\NextJS-Storefront\nextjs-storefront\__test__\e2e\integration\common\ProductItem\ProductItem.spec.tsx">
    <testCase name="[component] - ProductItem Integration should render component" duration="559"/>
    <testCase name="[component] - ProductItem with Price Label should render component with price label inside details" duration="300"/>
  </file>
  <file path="C:\Users\Chandradeepta.Laha\Desktop\NextJS-Storefront\nextjs-storefront\components\cart\CartItem\CartItem.spec.tsx">
    <testCase name="[components] - CartItem should render component" duration="512"/>
  </file>
  <file path="C:\Users\Chandradeepta.Laha\Desktop\NextJS-Storefront\nextjs-storefront\lib\helpers\__tests__\swipeDetect.spec.js">
    <testCase name="[helpers] swipeDetect should detect left swipe" duration="9"/>
    <testCase name="[helpers] swipeDetect should detect right swipe" duration="3"/>
    <testCase name="[helpers] swipeDetect should detect no swipe" duration="3"/>
  </file>
  <file path="C:\Users\Chandradeepta.Laha\Desktop\NextJS-Storefront\nextjs-storefront\components\product\ProductCard\ProductCard.spec.js">
    <testCase name="[components] Product Card Component Default Product Card should render title" duration="391"/>
    <testCase name="[components] Product Card Component Default Product Card should render price" duration="143"/>
    <testCase name="[components] Product Card Component Default Product Card should render product image" duration="97"/>
    <testCase name="[components] Product Card Component Default Product Card should render rating component" duration="137"/>
    <testCase name="[components] Product Card Component Default Product Card when not providing rating prop should show empty rating" duration="101"/>
    <testCase name="[components] Product Card Component Sale Price Product Card should render sale price text" duration="195"/>
    <testCase name="[components] Product Card Component Rating Product Card should render rating component with provided rating value" duration="117"/>
    <testCase name="[components] Product Card Component No Image Product Card should render default Image placeholder" duration="95"/>
    <testCase name="[components] Product Card Component Product Card Skeleton should render Product Card skeleton" duration="60"/>
  </file>
  <file path="C:\Users\Chandradeepta.Laha\Desktop\NextJS-Storefront\nextjs-storefront\components\common\QuantitySelector\QuantitySelector.spec.tsx">
    <testCase name="[components] - QuantitySelector should render component" duration="470"/>
    <testCase name="[components] - QuantitySelector should have initial default Quantity = 1" duration="79"/>
    <testCase name="[components] - QuantitySelector should disable decrease button(-) when Quantity = 1 " duration="108"/>
    <testCase name="[components] - QuantitySelector should call onIncrease action when user clicks on Increase(+) button" duration="152"/>
    <testCase name="[components] - QuantitySelector should call onDecrease action when user clicks on Decrease(-) button and Quantity &gt; 1" duration="145"/>
    <testCase name="[components] - QuantitySelector should display qty label" duration="87"/>
  </file>
  <file path="C:\Users\Chandradeepta.Laha\Desktop\NextJS-Storefront\nextjs-storefront\components\product\ProductOptionTextBox\ProductOptionTextBox.spec.js">
    <testCase name="[component] ProductOptionTextBox component should render all the options" duration="347"/>
  </file>
  <file path="C:\Users\Chandradeepta.Laha\Desktop\NextJS-Storefront\nextjs-storefront\components\product\ColorSelector\ColorSelector.spec.js">
    <testCase name="[component] ColorSelector component should render the component" duration="651"/>
    <testCase name="[component] ColorSelector component should contain the number of colors passed from prop as values" duration="104"/>
    <testCase name="[component] ColorSelector component should call selectOption method only when color-option is enabled and not selected" duration="114"/>
    <testCase name="[component] ColorSelector component should not call selectOption method when option is disabled" duration="113"/>
    <testCase name="[component] ColorSelector component should not call selectOption method when option is selected" duration="96"/>
  </file>
  <file path="C:\Users\Chandradeepta.Laha\Desktop\NextJS-Storefront\nextjs-storefront\__test__\e2e\integration\product\ProductOptionList\ProductOptionList.spec.tsx">
    <testCase name="[component] - ProductOptionList Integration should render component" duration="294"/>
  </file>
  <file path="C:\Users\Chandradeepta.Laha\Desktop\NextJS-Storefront\nextjs-storefront\components\common\HeaderAction\HeaderAction.spec.js">
    <testCase name="[component] - HeaderAction should render title" duration="247"/>
    <testCase name="[component] - HeaderAction should render subtitle" duration="60"/>
    <testCase name="[component] - HeaderAction should call headerAction when clicked" duration="47"/>
  </file>
  <file path="C:\Users\Chandradeepta.Laha\Desktop\NextJS-Storefront\nextjs-storefront\components\product\ProductOption\ProductOption.spec.tsx">
    <testCase name="[component] - ProductOption should render component" duration="226"/>
  </file>
  <file path="C:\Users\Chandradeepta.Laha\Desktop\NextJS-Storefront\nextjs-storefront\components\common\FulfillmentOptions\FulfillmentOptions.spec.js">
    <testCase name="[components] Fulfillment Options Component should render component" duration="339"/>
  </file>
  <file path="C:\Users\Chandradeepta.Laha\Desktop\NextJS-Storefront\nextjs-storefront\components\product\ProductVariantSizeSelector\ProductVariantSizeSelector.spec.js">
    <testCase name="[component] ProductVariantSizeSelector component should render the component" duration="154"/>
    <testCase name="[component] ProductVariantSizeSelector component should contain the number of sizes passed from prop as values" duration="37"/>
    <testCase name="[component] ProductVariantSizeSelector component should call selectOption method only when size-option is enabled and not selected" duration="91"/>
    <testCase name="[component] ProductVariantSizeSelector component should not call selectOption method when option is disabled" duration="57"/>
    <testCase name="[component] ProductVariantSizeSelector component should not call selectOption method when option is selected" duration="66"/>
  </file>
  <file path="C:\Users\Chandradeepta.Laha\Desktop\NextJS-Storefront\nextjs-storefront\components\filter-by\FacetList\FacetList.spec.tsx">
    <testCase name="[components] - FacetList should render component" duration="113"/>
  </file>
  <file path="C:\Users\Chandradeepta.Laha\Desktop\NextJS-Storefront\nextjs-storefront\components\add-to-cart-dialog\Title\Title.spec.tsx">
    <testCase name="[components] Add To Cart Dialog should render component" duration="173"/>
  </file>
  <file path="C:\Users\Chandradeepta.Laha\Desktop\NextJS-Storefront\nextjs-storefront\components\cart\CartItemActions\CartItemActions.spec.tsx">
    <testCase name="[components] - CartItemActions should render component" duration="243"/>
  </file>
  <file path="C:\Users\Chandradeepta.Laha\Desktop\NextJS-Storefront\nextjs-storefront\components\core\ImageGallery\ImageGallery.spec.js">
    <testCase name="[component] ImageGallery component Gallery without Zoom should not render title" duration="799"/>
    <testCase name="[component] ImageGallery component Gallery without Zoom should render all the images provided by props" duration="222"/>
    <testCase name="[component] ImageGallery component Gallery without Zoom should render the selected image" duration="328"/>
    <testCase name="[component] ImageGallery component Gallery without Zoom should render the downArrowButton for thumbnails when thumnail count &gt; 4" duration="410"/>
    <testCase name="[component] ImageGallery component Gallery without Zoom should call handleVerticalSlider if clicked on downArrowButton" duration="644"/>
    <testCase name="[component] ImageGallery component Gallery without Zoom should change the selected thumbnail on click" duration="261"/>
    <testCase name="[component] ImageGallery component Gallery without Zoom should call handleSwipe method on touch swipe" duration="256"/>
    <testCase name="[component] ImageGallery component Zoomed Gallery should render title" duration="222"/>
    <testCase name="[component] ImageGallery component Zoomed Gallery should change the selected thumbnail on left/right arrow click" duration="604"/>
    <testCase name="[component] ImageGallery component Zoomed Gallery should render zoom controls and call the respective functions" duration="583"/>
  </file>
  <file path="C:\Users\Chandradeepta.Laha\Desktop\NextJS-Storefront\nextjs-storefront\components\product\ProductOptionList\ProductOptionList.spec.tsx">
    <testCase name="[component] - ProductOptionList should render component" duration="66"/>
  </file>
  <file path="C:\Users\Chandradeepta.Laha\Desktop\NextJS-Storefront\nextjs-storefront\components\cart\CartItemList\CartItemList.spec.tsx">
    <testCase name="[components] - CartItemList should render component" duration="71"/>
  </file>
  <file path="C:\Users\Chandradeepta.Laha\Desktop\NextJS-Storefront\nextjs-storefront\lib\helpers\__tests__\buildBreadcrumbs.spec.js">
    <testCase name="[helpers] buildBreadcrumbs function should return the breadcrumbs" duration="6"/>
  </file>
  <file path="C:\Users\Chandradeepta.Laha\Desktop\NextJS-Storefront\nextjs-storefront\lib\getters\__tests__\productGetters.spec.js">
    <testCase name="[getters] productGetters should return the product name" duration="4"/>
    <testCase name="[getters] productGetters should return the product rating" duration="1"/>
    <testCase name="[getters] productGetters should return the product total reviews" duration="0"/>
    <testCase name="[getters] productGetters should return the product price" duration="2"/>
    <testCase name="[getters] productGetters should return the product price range" duration="1"/>
    <testCase name="[getters] productGetters should return the product description" duration="1"/>
    <testCase name="[getters] productGetters should return the product short description" duration="1"/>
    <testCase name="[getters] productGetters should return the product Gallery" duration="1"/>
    <testCase name="[getters] productGetters should return the product breadcrumbs" duration="2"/>
    <testCase name="[getters] productGetters should return the product properties" duration="1"/>
    <testCase name="[getters] productGetters should return the product selected option value" duration="1"/>
    <testCase name="[getters] productGetters should return the product option name" duration="1"/>
    <testCase name="[getters] productGetters should return the product options" duration="1"/>
    <testCase name="[getters] productGetters should return the product segregated options" duration="2"/>
    <testCase name="[getters] productGetters should return the product fulfillment method" duration="0"/>
    <testCase name="[getters] productGetters should return if the product is validated to add to cart" duration="2"/>
    <testCase name="[getters] productGetters should return url added with protocol if not provided" duration="1"/>
  </file>
  <file path="C:\Users\Chandradeepta.Laha\Desktop\NextJS-Storefront\nextjs-storefront\components\add-to-cart-dialog\AddToCartDialog\AddToCartDialog.spec.tsx">
    <testCase name="[components] Add To Cart Dialog should render component" duration="64"/>
  </file>
  <file path="C:\Users\Chandradeepta.Laha\Desktop\NextJS-Storefront\nextjs-storefront\lib\helpers\__tests__\findParentNode.spec.js">
    <testCase name="[helpers] findParentNode function should return parent node if parent node is present and that&apos;s not root node" duration="6"/>
    <testCase name="[helpers] findParentNode function should return null if parent Node is root node" duration="1"/>
    <testCase name="[helpers] findParentNode function should return undefined if searchable categoryCode is null" duration="1"/>
  </file>
  <file path="C:\Users\Chandradeepta.Laha\Desktop\NextJS-Storefront\nextjs-storefront\components\page-templates\ProductDetail\ProductDetailTemplate.spec.js">
    <testCase name="[component] Product Detail Template component should render the Breadcrumb component" duration="2851"/>
    <testCase name="[component] Product Detail Template component should render the Product name" duration="1458"/>
    <testCase name="[component] Product Detail Template component should render the Product price" duration="938"/>
    <testCase name="[component] Product Detail Template component should render the Product short description" duration="701"/>
    <testCase name="[component] Product Detail Template component should render the Product rating" duration="473"/>
    <testCase name="[component] Product Detail Template component should render the ColorSelector component" duration="429"/>
    <testCase name="[component] Product Detail Template component should render the ProductVariantSizeSelector" duration="481"/>
    <testCase name="[component] Product Detail Template component should render the ProductOptionSelect component" duration="456"/>
    <testCase name="[component] Product Detail Template component should render the ProductOptionCheckbox component" duration="378"/>
    <testCase name="[component] Product Detail Template component should render the QuantitySelector component" duration="394"/>
    <testCase name="[component] Product Detail Template component should render the FulfillmentOptions component" duration="381"/>
    <testCase name="[component] Product Detail Template component should render the Add to Cart Button" duration="2162"/>
    <testCase name="[component] Product Detail Template component should render the Add to Wishlist Button" duration="1454"/>
    <testCase name="[component] Product Detail Template component should render the 1 click checkout Button" duration="1285"/>
  </file>
</testExecutions>