<?xml version="1.0" encoding="UTF-8"?>
<testExecutions version="1">
  <file path="C:\Users\Susanta.Samanta\Kibo\Projects\nextjs-storefront\components\product-listing\FacetList\FacetList.spec.tsx">
    <testCase name="[components] - FacetList should render component" duration="245"/>
    <testCase name="[components] - FacetList should call handleClose callback function when user clicks on close icon button" duration="152"/>
  </file>
  <file path="C:\Users\Susanta.Samanta\Kibo\Projects\nextjs-storefront\components\layout\CategoryNestedNavigation\CategoryNestedNavigation.spec.js">
    <testCase name="[component] CategroyNestedNavigation component should render the category-list" duration="863"/>
    <testCase name="[component] CategroyNestedNavigation component should render only the category-list items where list property isDisplayed is true" duration="306"/>
    <testCase name="[component] CategroyNestedNavigation component should render childrenCategories on click if present and render the previous categories on back click" duration="873"/>
    <testCase name="[component] CategroyNestedNavigation component should call onCategoryClickMock if childrenCategories are empty" duration="276"/>
  </file>
  <file path="C:\Users\Susanta.Samanta\Kibo\Projects\nextjs-storefront\components\page-templates\ProductListingTemplate\ProductListingTemplate.spec.tsx">
    <testCase name="[component] - Category should render component" duration="2881"/>
    <testCase name="[component] - Category should show all the product when user clicks on show more button" duration="1589"/>
    <testCase name="[component] - Category should hide filter by button when user clicks on filter By button" duration="1175"/>
  </file>
  <file path="C:\Users\Susanta.Samanta\Kibo\Projects\nextjs-storefront\__test__\e2e\integration\checkout\PaymentStep\PaymentStep.spec.tsx">
    <testCase name="[components] PaymentStep should render component" duration="1940"/>
    <testCase name="[components] PaymentStep should validate card component should validate selceted payment method " duration="595"/>
    <testCase name="[components] PaymentStep should validate card component Should required cardNumber" duration="887"/>
    <testCase name="[components] PaymentStep should validate card component Should required expiryDate" duration="563"/>
    <testCase name="[components] PaymentStep should validate card component Should required Security Code(CVV)" duration="670"/>
    <testCase name="[components] PaymentStep should save payment not to be visible if user not logged in" duration="208"/>
    <testCase name="[components] PaymentStep Should call onCompleteCallback when user enters review step button" duration="1623"/>
  </file>
  <file path="C:\Users\Susanta.Samanta\Kibo\Projects\nextjs-storefront\__test__\e2e\integration\common\ProductItem\ProductItem.spec.tsx">
    <testCase name="[component] - ProductItem Integration should render component" duration="390"/>
    <testCase name="[component] - ProductItem with Price Label should render component with price label inside details" duration="573"/>
  </file>
  <file path="C:\Users\Susanta.Samanta\Kibo\Projects\nextjs-storefront\__test__\e2e\integration\cart\CartItem\CartItem.spec.tsx">
    <testCase name="[components] - CartItem Integration should render component" duration="1728"/>
  </file>
  <file path="C:\Users\Susanta.Samanta\Kibo\Projects\nextjs-storefront\components\page-templates\ProductDetail\ProductDetailTemplate.spec.js">
    <testCase name="[component] Product Detail Template component should render the Breadcrumb component" duration="1740"/>
    <testCase name="[component] Product Detail Template component should render the Product name" duration="875"/>
    <testCase name="[component] Product Detail Template component should render the Product price" duration="616"/>
    <testCase name="[component] Product Detail Template component should render the Product short description" duration="640"/>
    <testCase name="[component] Product Detail Template component should render the Product rating" duration="503"/>
    <testCase name="[component] Product Detail Template component should render the ColorSelector component" duration="449"/>
    <testCase name="[component] Product Detail Template component should render the ProductVariantSizeSelector" duration="506"/>
    <testCase name="[component] Product Detail Template component should render the ProductOptionSelect component" duration="460"/>
    <testCase name="[component] Product Detail Template component should render the ProductOptionCheckbox component" duration="418"/>
    <testCase name="[component] Product Detail Template component should render the ProductOptionTextbox component" duration="473"/>
    <testCase name="[component] Product Detail Template component should render the QuantitySelector component" duration="788"/>
    <testCase name="[component] Product Detail Template component should render the FulfillmentOptions component" duration="452"/>
    <testCase name="[component] Product Detail Template component should render the Add to Cart Button" duration="3217"/>
    <testCase name="[component] Product Detail Template component should render the Add to Wishlist Button" duration="2695"/>
    <testCase name="[component] Product Detail Template component should render the 1 click checkout Button" duration="2851"/>
  </file>
  <file path="C:\Users\Susanta.Samanta\Kibo\Projects\nextjs-storefront\__test__\e2e\integration\filter-by\Facet\Facet.spec.tsx">
    <testCase name="[components] - Facet integration should filter facet items when user enters search term" duration="1035"/>
  </file>
  <file path="C:\Users\Susanta.Samanta\Kibo\Projects\nextjs-storefront\components\page-templates\Checkout\Checkout.spec.tsx">
    <testCase name="[components] Checkout should render component" duration="503"/>
  </file>
  <file path="C:\Users\Susanta.Samanta\Kibo\Projects\nextjs-storefront\__test__\e2e\integration\page-template\ProductListingTemplate\ProductListingTemplate.spec.tsx">
    <testCase name="[component] - Category should call onSortingSelection function when user clicks on sorting" duration="8177"/>
    <testCase name="[component] - Category should call to previous route when user clicks on back button" duration="7578"/>
    <testCase name="[component] - Category should display all the products when user clicks on Show more button" duration="7527"/>
  </file>
  <file path="C:\Users\Susanta.Samanta\Kibo\Projects\nextjs-storefront\__test__\e2e\integration\checkout\shipping\shippingMethod.spec.tsx">
    <testCase name="[component] - ShippingMethod should render component" duration="644"/>
    <testCase name="[component] - ShippingMethod should render ship items and pickup items " duration="166"/>
    <testCase name="[component] - ShippingMethod should have shippingMethods only for shipping to home items" duration="447"/>
    <testCase name="[component] - ShippingMethod should not have shippingMethods options if no shipping items are there" duration="64"/>
    <testCase name="[component] - ShippingMethod should have products when order items are there" duration="498"/>
    <testCase name="[component] - ShippingMethod should call onClickStoreLocatorMock when click onClickStoreLocator for pickupitems only" duration="202"/>
  </file>
  <file path="C:\Users\Susanta.Samanta\Kibo\Projects\nextjs-storefront\__test__\e2e\integration\add-to-cart-dialog\AddToCartDialog\AddToCartDialog.spec.tsx">
    <testCase name="[components] Add To Cart Dialog integration should render component" duration="1005"/>
    <testCase name="[components] Add To Cart Dialog integration should close dialog when user clicks on closeIcon button" duration="260"/>
    <testCase name="[components] Add To Cart Dialog integration should redirect to /cart page when user clicks on &quot;Add To Cart&quot; button" duration="464"/>
    <testCase name="[components] Add To Cart Dialog integration should close dialog when user clicks on &quot;Continue Shopping&quot; button" duration="348"/>
  </file>
  <file path="C:\Users\Susanta.Samanta\Kibo\Projects\nextjs-storefront\components\common\OrderSummary\OrderSummary.spec.js">
    <testCase name="checkout Component should render checkout standardShippingAmount" duration="233"/>
    <testCase name="checkout Component should render checkout estimatedTaxAmout" duration="56"/>
    <testCase name="checkout Component should render checkout orderTotal" duration="61"/>
    <testCase name="checkout Component should render checkout subTotal" duration="59"/>
  </file>
  <file path="C:\Users\Susanta.Samanta\Kibo\Projects\nextjs-storefront\components\product-listing\Facet\Facet.spec.tsx">
    <testCase name="[components] - FacetItem should render component" duration="213"/>
    <testCase name="[components] - FacetItem should expand accordian when user clicks on summery and shrinks again when user clicks again" duration="86"/>
    <testCase name="[components] - FacetItem should hide &quot;View More&quot; when number of items &lt; 6" duration="42"/>
    <testCase name="[components] - FacetItem should show &quot;View More&quot; when number of items &gt; 6" duration="56"/>
    <testCase name="[components] - FacetItem should show &quot;View Less&quot; when user clicks on &quot;View More&quot; and &quot;View More&quot; when clicks again" duration="197"/>
  </file>
  <file path="C:\Users\Susanta.Samanta\Kibo\Projects\nextjs-storefront\__test__\e2e\integration\cart\CartItemList\CartItemList.spec.tsx">
    <testCase name="[components] - CartItemList Integration should render component" duration="903"/>
  </file>
  <file path="C:\Users\Susanta.Samanta\Kibo\Projects\nextjs-storefront\components\common\ProductItem\ProductItem.spec.tsx">
    <testCase name="[component] - ProductItem should render component" duration="545"/>
    <testCase name="[component] - ProductItem should call onClickStoreLocatorMock when click onClickStoreLocator" duration="90"/>
    <testCase name="[component] - ProductItem should not show details when no label(price,qty) or options is present" duration="32"/>
  </file>
  <file path="C:\Users\Susanta.Samanta\Kibo\Projects\nextjs-storefront\__test__\unit\pages\categoryPage.spec.js">
    <testCase name="[page] Category Page should run getServerSideProps method" duration="6"/>
    <testCase name="[page] Category Page should render the Category page template" duration="59"/>
  </file>
  <file path="C:\Users\Susanta.Samanta\Kibo\Projects\nextjs-storefront\components\common\KiboTextBox\KiboTextbox.spec.js">
    <testCase name="[component] KiboTextbox component should render the component" duration="248"/>
    <testCase name="[component] KiboTextbox component should render the component with placeholder" duration="78"/>
    <testCase name="[component] KiboTextbox component should render the component with error when props error is true" duration="60"/>
    <testCase name="[component] KiboTextbox component should render the error helper text when props error is true" duration="41"/>
    <testCase name="[component] KiboTextbox component should call onChange method when user input data" duration="135"/>
    <testCase name="[component] KiboTextbox component should render endAdornment icon when icon is provided and should call onIconClick when icon is clicked" duration="153"/>
  </file>
  <file path="C:\Users\Susanta.Samanta\Kibo\Projects\nextjs-storefront\components\core\ImageGallery\ImageGallery.spec.js">
    <testCase name="[component] ImageGallery component Gallery without Zoom should not render title" duration="355"/>
    <testCase name="[component] ImageGallery component Gallery without Zoom should render all the images provided by props" duration="108"/>
    <testCase name="[component] ImageGallery component Gallery without Zoom should render the selected image" duration="153"/>
    <testCase name="[component] ImageGallery component Gallery without Zoom should render the downArrowButton for thumbnails when thumnail count &gt; 4" duration="208"/>
    <testCase name="[component] ImageGallery component Gallery without Zoom should call handleVerticalSlider if clicked on downArrowButton" duration="403"/>
    <testCase name="[component] ImageGallery component Gallery without Zoom should change the selected thumbnail on click" duration="149"/>
    <testCase name="[component] ImageGallery component Gallery without Zoom should call handleSwipe method on touch swipe" duration="137"/>
    <testCase name="[component] ImageGallery component Zoomed Gallery should render title" duration="100"/>
    <testCase name="[component] ImageGallery component Zoomed Gallery should change the selected thumbnail on left/right arrow click" duration="314"/>
    <testCase name="[component] ImageGallery component Zoomed Gallery should render zoom controls and call the respective functions" duration="340"/>
  </file>
  <file path="C:\Users\Susanta.Samanta\Kibo\Projects\nextjs-storefront\components\checkout\DetailsStep\DetailsStep.spec.tsx">
    <testCase name="[components] Details should render component" duration="457"/>
    <testCase name="[components] Details should render firstName, lastName and password when user selects &quot;I want to create account&quot;" duration="222"/>
  </file>
  <file path="C:\Users\Susanta.Samanta\Kibo\Projects\nextjs-storefront\__test__\e2e\integration\layout\SearchSuggestions\SearchSuggestions.spec.tsx">
    <testCase name="[components] - SearchSuggestions Integration should render component" duration="257"/>
    <testCase name="[components] - SearchSuggestions Integration should display user-entered text in search bar when a user enters it" duration="190"/>
    <testCase name="[components] - SearchSuggestions Integration should display search suggestion with href attribute present when user enter the text on search bar" duration="266"/>
    <testCase name="[components] - SearchSuggestions Integration should display backdrop when search suggestion opens" duration="176"/>
    <testCase name="[components] - SearchSuggestions Integration should clear the search input and close the search suggestion when user clicks on cross button" duration="359"/>
    <testCase name="[components] - SearchSuggestions Integration should close search suggestion when user clears the search text" duration="258"/>
    <testCase name="[components] - SearchSuggestions Integration should close search suggestion when user clicks on backdrop" duration="210"/>
    <testCase name="[components] - SearchSuggestions Integration should not open Search suggestion when a user enters white/blank space" duration="130"/>
  </file>
  <file path="C:\Users\Susanta.Samanta\Kibo\Projects\nextjs-storefront\__test__\e2e\integration\layout\RegisterAccount\RegisterAccountDialog\RegisterAccountDialog.spec.tsx">
    <testCase name="[components] Register Account Dialog should render component" duration="805"/>
    <testCase name="[components] Register Account Dialog email should display required field error when user focus out (blur event) the email field" duration="286"/>
    <testCase name="[components] Register Account Dialog first name should display required field error when user focus out (blur event) the first name field" duration="260"/>
    <testCase name="[components] Register Account Dialog last name should display required field error when user focus out (blur event) the last name field" duration="279"/>
    <testCase name="[components] Register Account Dialog password should display required field error when user focus out (blur event) the password field" duration="328"/>
  </file>
  <file path="C:\Users\Susanta.Samanta\Kibo\Projects\nextjs-storefront\components\layout\RegisterAccount\Content\Content.spec.tsx">
    <testCase name="[components] Register Account(Content) should render component" duration="646"/>
    <testCase name="[components] Register Account(Content) should create new account when user click on createAccount button" duration="567"/>
    <testCase name="[components] Register Account(Content) should display password validations component when user make password filed dirty" duration="175"/>
  </file>
  <file path="C:\Users\Susanta.Samanta\Kibo\Projects\nextjs-storefront\components\product-listing\CategoryFacet\CategoryFacet.spec.tsx">
    <testCase name="[component] - CategoryFacet should render component" duration="250"/>
    <testCase name="[component] - CategoryFacet should call onCategoryChildSelection when user selects specific category" duration="56"/>
    <testCase name="[component] - CategoryFacet should call onBackButtonClick when user clicks on Back button" duration="83"/>
    <testCase name="[component] - CategoryFacet should display all the children when user clicks on View More button" duration="224"/>
  </file>
  <file path="C:\Users\Susanta.Samanta\Kibo\Projects\nextjs-storefront\components\product-listing\CategoryFilterByMobile\CategoryFilterByMobile.spec.tsx">
    <testCase name="[component] - CategoryFilterByMobile should render component" duration="1538"/>
  </file>
  <file path="C:\Users\Susanta.Samanta\Kibo\Projects\nextjs-storefront\__test__\e2e\integration\checkout\DetailsStep\DetailsStep.spec.tsx">
    <testCase name="[components] Details should render component" duration="645"/>
    <testCase name="[components] Details should render firstName, lastName and password when user selects &quot;I want to create account&quot;" duration="646"/>
    <testCase name="[components] Details email should display required field error when user focus out (blur event) the email field" duration="200"/>
    <testCase name="[components] Details Should display required message onBlur of create Account inputs" duration="465"/>
  </file>
  <file path="C:\Users\Susanta.Samanta\Kibo\Projects\nextjs-storefront\components\product\ProductCard\ProductCard.spec.js">
    <testCase name="[components] Product Card Component Common Product Card should render title" duration="253"/>
    <testCase name="[components] Product Card Component Common Product Card should render price" duration="86"/>
    <testCase name="[components] Product Card Component Common Product Card should render product image" duration="57"/>
    <testCase name="[components] Product Card Component Common Product Card should render rating component" duration="57"/>
    <testCase name="[components] Product Card Component Common Product Card when not providing rating prop should show empty rating" duration="73"/>
    <testCase name="[components] Product Card Component Sale Price Product Card should render sale price text" duration="74"/>
    <testCase name="[components] Product Card Component Rating Product Card should render rating component with provided rating value" duration="51"/>
    <testCase name="[components] Product Card Component No Image Product Card should render Common Image placeholder" duration="67"/>
    <testCase name="[components] Product Card Component Product Card Skeleton should render Product Card skeleton" duration="34"/>
  </file>
  <file path="C:\Users\Susanta.Samanta\Kibo\Projects\nextjs-storefront\components\checkout\PaymentStep\PaymentStep.spec.tsx">
    <testCase name="[components] PaymentStep should render component" duration="608"/>
    <testCase name="[components] PaymentStep should display card details when user selects Credit/Debit Card as payment" duration="195"/>
    <testCase name="[components] PaymentStep should default unchecked saved payment if logged in" duration="50"/>
  </file>
  <file path="C:\Users\Susanta.Samanta\Kibo\Projects\nextjs-storefront\components\product-listing\FacetItemList\FacetItemList.spec.tsx">
    <testCase name="[components] - FacetItemList should render component" duration="83"/>
  </file>
  <file path="C:\Users\Susanta.Samanta\Kibo\Projects\nextjs-storefront\components\add-to-cart-dialog\Content\Content.spec.tsx">
    <testCase name="[components] Add To Cart Dialog should render component" duration="325"/>
  </file>
  <file path="C:\Users\Susanta.Samanta\Kibo\Projects\nextjs-storefront\components\common\QuantitySelector\QuantitySelector.spec.tsx">
    <testCase name="[components] - QuantitySelector should render component" duration="282"/>
    <testCase name="[components] - QuantitySelector should have initial default Quantity = 1" duration="65"/>
    <testCase name="[components] - QuantitySelector should disable decrease button(-) when Quantity = 1 " duration="82"/>
    <testCase name="[components] - QuantitySelector should call onIncrease action when user clicks on Increase(+) button" duration="97"/>
    <testCase name="[components] - QuantitySelector should call onDecrease action when user clicks on Decrease(-) button and Quantity &gt; 1" duration="71"/>
    <testCase name="[components] - QuantitySelector should display qty label" duration="37"/>
  </file>
  <file path="C:\Users\Susanta.Samanta\Kibo\Projects\nextjs-storefront\__test__\e2e\integration\product\ProductInformation\ProductInformation.spec.tsx">
    <testCase name="[component] - ProductInformation Integration should render component" duration="810"/>
  </file>
  <file path="C:\Users\Susanta.Samanta\Kibo\Projects\nextjs-storefront\components\layout\Login\LoginContent\LoginContent.spec.tsx">
    <testCase name="[components] (LoginContent) should render component" duration="850"/>
    <testCase name="[components] (LoginContent) should show entered email input " duration="177"/>
    <testCase name="[components] (LoginContent) should show entered password input" duration="116"/>
    <testCase name="[components] (LoginContent) should disable login button when user enters invalid inputs " duration="417"/>
    <testCase name="[components] (LoginContent) should enable login button when user enters valid inputs and  call onLoginMock when user click onLogin " duration="281"/>
    <testCase name="[components] (LoginContent) should call onForgotPasswordClickMock when click forgotPasswordLink" duration="157"/>
  </file>
  <file path="C:\Users\Susanta.Samanta\Kibo\Projects\nextjs-storefront\components\common\KiboDialog\KiboDialog.spec.tsx">
    <testCase name="[components] Dialog Component should not render component by default" duration="79"/>
    <testCase name="[components] Dialog Component should open modal, when isOpen = true" duration="313"/>
    <testCase name="[components] Dialog Component should close modal, when user clicks on close icon" duration="194"/>
  </file>
  <file path="C:\Users\Susanta.Samanta\Kibo\Projects\nextjs-storefront\components\common\SearchBar\SearchBar.spec.tsx">
    <testCase name="[components] - SearchBar should render component" duration="167"/>
    <testCase name="[components] - SearchBar should call onSeach handler and show user entered text on every caracter input" duration="113"/>
    <testCase name="[components] - SearchBar [components] - clear button should not be visible by default" duration="20"/>
    <testCase name="[components] - SearchBar [components] - clear button should be visible when showClearButton = true" duration="94"/>
    <testCase name="[components] - SearchBar [components] - clear button should be only enable when there is text to clear" duration="164"/>
    <testCase name="[components] - SearchBar [components] - clear button should clear the search when user clicks on it" duration="209"/>
  </file>
  <file path="C:\Users\Susanta.Samanta\Kibo\Projects\nextjs-storefront\components\product\ProductInformation\ProductInformation.spec.tsx">
    <testCase name="[component] - ProductInformation should render component" duration="379"/>
    <testCase name="[component] - ProductInformation should open product spec accordion when user clicks on accordion header" duration="177"/>
    <testCase name="[component] - ProductInformation should close accordion when accordion is already open and the user clicks on accordion header" duration="140"/>
  </file>
  <file path="C:\Users\Susanta.Samanta\Kibo\Projects\nextjs-storefront\components\cart\CartItemActionsMobile\CartItemActionsMobile.spec.tsx">
    <testCase name="[component] - CartItemActionsMobile should render component" duration="226"/>
    <testCase name="[component] - CartItemActionsMobile should show popover menu when user clicks on icon button" duration="341"/>
    <testCase name="[component] - CartItemActionsMobile should call onMenuItemClick function when user selects any menu item" duration="408"/>
    <testCase name="[component] - CartItemActionsMobile should hide popover menu when user selects menu item" duration="240"/>
  </file>
  <file path="C:\Users\Susanta.Samanta\Kibo\Projects\nextjs-storefront\components\checkout\SavedPaymentMethodView\SavedPaymentMethodView.spec.js">
    <testCase name="[component] - SavedPaymentMethodView should render the component" duration="136"/>
  </file>
  <file path="C:\Users\Susanta.Samanta\Kibo\Projects\nextjs-storefront\__test__\unit\pages\productDetailsPage.spec.js">
    <testCase name="[page] Product Details Page should run getStaticProps method" duration="7"/>
    <testCase name="[page] Product Details Page should run getStaticPaths method" duration="2"/>
    <testCase name="[page] Product Details Page should render the ProductDetail page template if isFallback is false" duration="45"/>
    <testCase name="[page] Product Details Page should render the Fallback page if isFallback is true" duration="11"/>
  </file>
  <file path="C:\Users\Susanta.Samanta\Kibo\Projects\nextjs-storefront\components\cart\CartItem\CartItem.spec.tsx">
    <testCase name="[components] - CartItem should render component" duration="436"/>
  </file>
  <file path="C:\Users\Susanta.Samanta\Kibo\Projects\nextjs-storefront\__test__\e2e\integration\common\AddressForm\AddressForm.spec.tsx">
    <testCase name="[components] - AddressForm integration should render component" duration="2158"/>
    <testCase name="[components] - AddressForm integration should show user entered values firstName" duration="625"/>
    <testCase name="[components] - AddressForm integration should show user entered values lastNameOrSurname" duration="443"/>
    <testCase name="[components] - AddressForm integration should show user entered values address1" duration="453"/>
    <testCase name="[components] - AddressForm integration should show user entered values address2" duration="473"/>
    <testCase name="[components] - AddressForm integration should show user entered values cityOrTown" duration="503"/>
    <testCase name="[components] - AddressForm integration should show user entered values stateOrProvince" duration="405"/>
    <testCase name="[components] - AddressForm integration should show user entered values postalOrZipCode" duration="409"/>
    <testCase name="[components] - AddressForm integration should show user entered values phoneNumbers.home" duration="390"/>
    <testCase name="[components] - AddressForm integration save shipping address (checkbox) should not render when isUserLoggedIn = false" duration="170"/>
    <testCase name="[components] - AddressForm integration save shipping address (checkbox) should only  when isUserLoggedIn = true" duration="312"/>
    <testCase name="[components] - AddressForm integration should display validation message Should display required message onBlur of inputs" duration="1000"/>
  </file>
  <file path="C:\Users\Susanta.Samanta\Kibo\Projects\nextjs-storefront\components\add-to-cart-dialog\Title\Title.spec.tsx">
    <testCase name="[components] Add To Cart Dialog should render component" duration="226"/>
  </file>
  <file path="C:\Users\Susanta.Samanta\Kibo\Projects\nextjs-storefront\components\common\HeaderAction\HeaderAction.spec.js">
    <testCase name="[component] - HeaderAction should render title" duration="185"/>
    <testCase name="[component] - HeaderAction should render subtitle" duration="71"/>
    <testCase name="[component] - HeaderAction should call headerAction when clicked" duration="39"/>
  </file>
  <file path="C:\Users\Susanta.Samanta\Kibo\Projects\nextjs-storefront\context\AuthContext.spec.tsx">
    <testCase name="[context] - AuthContext should isAuthenticated be false before login" duration="169"/>
    <testCase name="[context] - AuthContext when using useAuthContext hook should set user after login" duration="60"/>
  </file>
  <file path="C:\Users\Susanta.Samanta\Kibo\Projects\nextjs-storefront\context\UIContext.spec.tsx">
    <testCase name="[context] - UIContext should not render Is dialog open initially" duration="27"/>
    <testCase name="[context] - UIContext when using useUIContext hook should set isLoadingDialogOpen to true" duration="11"/>
  </file>
  <file path="C:\Users\Susanta.Samanta\Kibo\Projects\nextjs-storefront\components\common\PasswordValidation\PasswordValidation.spec.tsx">
    <testCase name="[components] PasswordValidation should render component" duration="168"/>
    <testCase name="[components] PasswordValidation should show &quot;validation failed&quot; icon when user enters password having length lesss than eight Characters" duration="32"/>
    <testCase name="[components] PasswordValidation should show &quot;validation passed&quot; icon when user enters password having length at least eight Characters" duration="19"/>
    <testCase name="[components] PasswordValidation should show &quot;validation failed&quot; icon when user enters password without having at least one number" duration="20"/>
    <testCase name="[components] PasswordValidation should show &quot;validation passed&quot; icon when user enters password containing at least one number" duration="23"/>
    <testCase name="[components] PasswordValidation should show &quot;validation failed&quot; icon when user enters password whithout having at least one capital letter" duration="29"/>
    <testCase name="[components] PasswordValidation should show &quot;validation passed&quot; icon when user enters password containing at least one capital letter" duration="32"/>
    <testCase name="[components] PasswordValidation should show &quot;validation failed&quot; icon when user enters password without having at least one special character" duration="54"/>
    <testCase name="[components] PasswordValidation should show &quot;validation passed&quot; icon when user enters password containing at least one special character" duration="20"/>
  </file>
  <file path="C:\Users\Susanta.Samanta\Kibo\Projects\nextjs-storefront\components\common\FulfillmentOptions\FulfillmentOptions.spec.js">
    <testCase name="[components] Fulfillment Options Component should render component" duration="273"/>
  </file>
  <file path="C:\Users\Susanta.Samanta\Kibo\Projects\nextjs-storefront\__test__\e2e\integration\product\ProductOptionList\ProductOptionList.spec.tsx">
    <testCase name="[component] - ProductOptionList Integration should render component" duration="297"/>
  </file>
  <file path="C:\Users\Susanta.Samanta\Kibo\Projects\nextjs-storefront\components\checkout\CardDetailsForm\CardDetailsForm.spec.tsx">
    <testCase name="[components] CardDetailsForm should render component" duration="128"/>
    <testCase name="[components] CardDetailsForm should onBlur call on card component inputs Should onBlur call on cardNumber" duration="65"/>
    <testCase name="[components] CardDetailsForm should onBlur call on card component inputs Should onBlur call on cardNumber" duration="71"/>
    <testCase name="[components] CardDetailsForm should onBlur call on card component inputs Should onBlur call on Security Code(CVV)" duration="53"/>
    <testCase name="[components] CardDetailsForm should stepperStatus validate call " duration="22"/>
    <testCase name="[components] CardDetailsForm should call the onSubmit function" duration="72"/>
  </file>
  <file path="C:\Users\Susanta.Samanta\Kibo\Projects\nextjs-storefront\components\common\ProductItemList\ProductItemList.spec.tsx">
    <testCase name="[component] - ProductItemList should render component with label" duration="98"/>
  </file>
  <file path="C:\Users\Susanta.Samanta\Kibo\Projects\nextjs-storefront\components\checkout\PaymentCardDetailsView\PaymentCardDetailsView.spec.js">
    <testCase name="[component] - PaymentCardDetailsView should render radio button if radio prop is true" duration="101"/>
    <testCase name="[component] - PaymentCardDetailsView should render component if radio is false" duration="20"/>
  </file>
  <file path="C:\Users\Susanta.Samanta\Kibo\Projects\nextjs-storefront\lib\helpers\__tests__\findParentNode.spec.js">
    <testCase name="[helpers] findParentNode function should return parent node if parent node is present and that&apos;s not root node" duration="3"/>
    <testCase name="[helpers] findParentNode function should return null if parent Node is root node" duration="1"/>
    <testCase name="[helpers] findParentNode function should return undefined if searchable categoryCode is null" duration="1"/>
  </file>
  <file path="C:\Users\Susanta.Samanta\Kibo\Projects\nextjs-storefront\components\product\ProductOptionCheckbox\ProductOptionCheckbox.spec.js">
    <testCase name="[component] ProductOptionCheckbox component should render checkbox option" duration="192"/>
    <testCase name="[component] ProductOptionCheckbox component should render checkbox label" duration="68"/>
    <testCase name="[component] ProductOptionCheckbox component should check/uncheck the checkbox" duration="70"/>
  </file>
  <file path="C:\Users\Susanta.Samanta\Kibo\Projects\nextjs-storefront\components\common\KiboRadio\KiboRadio.spec.js">
    <testCase name="[component] - KiboRadio should render the component" duration="302"/>
    <testCase name="[component] - KiboRadio should call onChange when other options are clicked" duration="343"/>
  </file>
  <file path="C:\Users\Susanta.Samanta\Kibo\Projects\nextjs-storefront\components\product\ProductOptionSelect\ProductOptionSelect.spec.js">
    <testCase name="[component] ProductOptionSelect component should render the component" duration="304"/>
    <testCase name="[component] ProductOptionSelect component should call onChange method if value is changed" duration="372"/>
  </file>
  <file path="C:\Users\Susanta.Samanta\Kibo\Projects\nextjs-storefront\components\cart\CartItemActions\CartItemActions.spec.tsx">
    <testCase name="[components] - CartItemActions should render component" duration="141"/>
  </file>
  <file path="C:\Users\Susanta.Samanta\Kibo\Projects\nextjs-storefront\components\checkout\KiboStepper\KiboStepper.spec.tsx">
    <testCase name="[components] KiboStepper should render component" duration="744"/>
  </file>
  <file path="C:\Users\Susanta.Samanta\Kibo\Projects\nextjs-storefront\lib\gql\client\client.spec.js">
    <testCase name="[lib] - GraphQL Client should create a new graphql client using .env for endpoint" duration="31"/>
    <testCase name="[lib] - GraphQL Client should create a new graphql client using endpoint as parameter" duration="1"/>
  </file>
  <file path="C:\Users\Susanta.Samanta\Kibo\Projects\nextjs-storefront\components\checkout\AddressDetailsView\AddressDetailsView.spec.js">
    <testCase name="[component] - AddressDetailsView should render the component without radio when radio prop is false" duration="106"/>
    <testCase name="[component] - AddressDetailsView should render the component with radio button when radio prop is true" duration="63"/>
  </file>
  <file path="C:\Users\Susanta.Samanta\Kibo\Projects\nextjs-storefront\components\layout\SearchSuggestions\SearchSuggestions.spec.tsx">
    <testCase name="[components] - SearchSuggestions should render component" duration="110"/>
  </file>
  <file path="C:\Users\Susanta.Samanta\Kibo\Projects\nextjs-storefront\components\common\Price\Price.spec.js">
    <testCase name="[components] Price Component when price is available should render price text" duration="77"/>
    <testCase name="[components] Price Component when sale price is available should render price text" duration="38"/>
    <testCase name="[components] Price Component when sale price is available should render sale price text" duration="25"/>
    <testCase name="[components] Price Component when price range is available should render price range text" duration="28"/>
  </file>
  <file path="C:\Users\Susanta.Samanta\Kibo\Projects\nextjs-storefront\components\common\AddressForm\AddressForm.spec.tsx">
    <testCase name="[components] - AddressForm should render component" duration="255"/>
    <testCase name="[components] - AddressForm should show user entered value" duration="343"/>
  </file>
  <file path="C:\Users\Susanta.Samanta\Kibo\Projects\nextjs-storefront\components\add-to-cart-dialog\Actions\Actions.spec.tsx">
    <testCase name="[components] Add To Cart Dialog should render component" duration="292"/>
    <testCase name="[components] Add To Cart Dialog should call onGoToCart handler when user clicks on &quot;Go To Cart&quot; button" duration="132"/>
    <testCase name="[components] Add To Cart Dialog should call onContinueShopping habdler when user clicks on &quot;Continue Shopping&quot; button" duration="140"/>
  </file>
  <file path="C:\Users\Susanta.Samanta\Kibo\Projects\nextjs-storefront\components\common\PaymentCard\PaymentCard.spec.js">
    <testCase name="[component] - PaymentCard should display the payment card details" duration="383"/>
  </file>
  <file path="C:\Users\Susanta.Samanta\Kibo\Projects\nextjs-storefront\components\product\ProductOption\ProductOption.spec.tsx">
    <testCase name="[component] - ProductOption should render component" duration="88"/>
  </file>
  <file path="C:\Users\Susanta.Samanta\Kibo\Projects\nextjs-storefront\components\product\ColorSelector\ColorSelector.spec.js">
    <testCase name="[component] ColorSelector component should render the component" duration="728"/>
    <testCase name="[component] ColorSelector component should contain the number of colors passed from prop as values" duration="55"/>
    <testCase name="[component] ColorSelector component should call selectOption method only when color-option is enabled and not selected" duration="70"/>
    <testCase name="[component] ColorSelector component should not call selectOption method when option is disabled" duration="99"/>
    <testCase name="[component] ColorSelector component should not call selectOption method when option is selected" duration="49"/>
  </file>
  <file path="C:\Users\Susanta.Samanta\Kibo\Projects\nextjs-storefront\hooks\mutations\useUpdateCheckout\useUpdateCheckout.spec.tsx">
    <testCase name="[hooks] useUpdateCheckout should use useUpdateCheckout" duration="91"/>
  </file>
  <file path="C:\Users\Susanta.Samanta\Kibo\Projects\nextjs-storefront\components\common\KiboSelect\KiboSelect.spec.js">
    <testCase name="[component] KiboSelect component should render the component" duration="286"/>
    <testCase name="[component] KiboSelect component should display the error description if passed when error is true" duration="50"/>
    <testCase name="[component] KiboSelect component should call onChange method if option selected " duration="264"/>
    <testCase name="[component] KiboSelect component should call onBlur method if focus out" duration="67"/>
  </file>
  <file path="C:\Users\Susanta.Samanta\Kibo\Projects\nextjs-storefront\components\product-listing\FacetItem\FacetItem.spec.tsx">
    <testCase name="[components] - FacetItem should render component" duration="195"/>
  </file>
  <file path="C:\Users\Susanta.Samanta\Kibo\Projects\nextjs-storefront\components\cart\CartItemList\CartItemList.spec.tsx">
    <testCase name="[components] - CartItemList should render component" duration="57"/>
  </file>
  <file path="C:\Users\Susanta.Samanta\Kibo\Projects\nextjs-storefront\hooks\queries\useUser\useUserQueries.spec.ts">
    <testCase name="[hooks] useUser should return current user when user is logged in" duration="160"/>
  </file>
  <file path="C:\Users\Susanta.Samanta\Kibo\Projects\nextjs-storefront\components\layout\MegaMenuItem\MegaMenuItem.spec.tsx">
    <testCase name="[components] - MegaMenuItem should render component" duration="156"/>
  </file>
  <file path="C:\Users\Susanta.Samanta\Kibo\Projects\nextjs-storefront\components\product\ProductRecommendations\ProductRecommendations.spec.js">
    <testCase name="[component] ProductOptionCheckbox component should render the title" duration="165"/>
    <testCase name="[component] ProductOptionCheckbox component should render the product cards" duration="21"/>
  </file>
  <file path="C:\Users\Susanta.Samanta\Kibo\Projects\nextjs-storefront\components\add-to-cart-dialog\AddToCartDialog\AddToCartDialog.spec.tsx">
    <testCase name="[components] Add To Cart Dialog should render component" duration="60"/>
  </file>
  <file path="C:\Users\Susanta.Samanta\Kibo\Projects\nextjs-storefront\hooks\custom\useDebounce\useDebounce.spec.ts">
    <testCase name="[hooks] useDebounce should be defined" duration="4"/>
    <testCase name="[hooks] useDebounce should use useDebounce" duration="28"/>
    <testCase name="[hooks] useDebounce should return last value if calling debouncing sequencially within 500ms" duration="18"/>
    <testCase name="[hooks] useDebounce should return actual value if calling debouncing in every 500ms" duration="10"/>
  </file>
  <file path="C:\Users\Susanta.Samanta\Kibo\Projects\nextjs-storefront\components\checkout\Shipping\OrderItems\ShippingMethod.spec.tsx">
    <testCase name="[component] - ShippingMethod should render component" duration="149"/>
    <testCase name="[component] - ShippingMethod should render only shipItems when only shipItems are present" duration="19"/>
    <testCase name="[component] - ShippingMethod should render only pickupItems when only pickupItems are there" duration="17"/>
    <testCase name="[component] - ShippingMethod should render both shipItems and pickupItems when both are there" duration="19"/>
  </file>
  <file path="C:\Users\Susanta.Samanta\Kibo\Projects\nextjs-storefront\components\layout\RegisterAccount\RegisterAccountDialog\RegistAccountDialog.spec.tsx">
    <testCase name="[components] Register Account Dialog should render component" duration="242"/>
  </file>
  <file path="C:\Users\Susanta.Samanta\Kibo\Projects\nextjs-storefront\components\common\AddressCard\AddressCard.spec.js">
    <testCase name="[component] - AddressCard should display the address" duration="292"/>
  </file>
  <file path="C:\Users\Susanta.Samanta\Kibo\Projects\nextjs-storefront\hooks\queries\useCategoryTree\useCategoryTree.spec.js">
    <testCase name="[hooks] useCategoryTree should return category tree if initial data not passed" duration="112"/>
  </file>
  <file path="C:\Users\Susanta.Samanta\Kibo\Projects\nextjs-storefront\components\product\ProductVariantSizeSelector\ProductVariantSizeSelector.spec.js">
    <testCase name="[component] ProductVariantSizeSelector component should render the component" duration="162"/>
    <testCase name="[component] ProductVariantSizeSelector component should contain the number of sizes passed from prop as values" duration="28"/>
    <testCase name="[component] ProductVariantSizeSelector component should call selectOption method only when size-option is enabled and not selected" duration="55"/>
    <testCase name="[component] ProductVariantSizeSelector component should not call selectOption method when option is disabled" duration="56"/>
    <testCase name="[component] ProductVariantSizeSelector component should not call selectOption method when option is selected" duration="82"/>
  </file>
  <file path="C:\Users\Susanta.Samanta\Kibo\Projects\nextjs-storefront\components\product\ProductOptionTextBox\ProductOptionTextBox.spec.js">
    <testCase name="[component] ProductOptionTextBox component should render option" duration="87"/>
    <testCase name="[component] ProductOptionTextBox component should show user entered value" duration="119"/>
  </file>
  <file path="C:\Users\Susanta.Samanta\Kibo\Projects\nextjs-storefront\lib\helpers\__tests__\swipeDetect.spec.js">
    <testCase name="[helpers] swipeDetect should detect left swipe" duration="7"/>
    <testCase name="[helpers] swipeDetect should detect right swipe" duration="2"/>
    <testCase name="[helpers] swipeDetect should detect no swipe" duration="1"/>
  </file>
  <file path="C:\Users\Susanta.Samanta\Kibo\Projects\nextjs-storefront\hooks\queries\useCheckout\useCheckout.spec.ts">
    <testCase name="[hooks] useCheckout should return cart details when user provides valid cartId" duration="171"/>
    <testCase name="[hooks] useCheckout should return checkout details when user provides valid checkoutId" duration="31"/>
  </file>
  <file path="C:\Users\Susanta.Samanta\Kibo\Projects\nextjs-storefront\hooks\mutations\useUser\useUserMutations.spec.ts">
    <testCase name="[hooks] useUserMutations should use useUserMutations" duration="120"/>
  </file>
  <file path="C:\Users\Susanta.Samanta\Kibo\Projects\nextjs-storefront\hooks\queries\useSearchSuggestions\useSearchSuggestions.spec.ts">
    <testCase name="[hooks] useSearchSuggestions should return search suggestions when entered search term" duration="107"/>
  </file>
  <file path="C:\Users\Susanta.Samanta\Kibo\Projects\nextjs-storefront\lib\helpers\__tests__\buildBreadcrumbs.spec.js">
    <testCase name="[helpers] buildBreadcrumbs function should return the breadcrumbs" duration="7"/>
  </file>
  <file path="C:\Users\Susanta.Samanta\Kibo\Projects\nextjs-storefront\components\checkout\ShippingStep\ShippingStep.spec.tsx">
    <testCase name="[components] ShippingStep should render component" duration="193"/>
    <testCase name="[components] ShippingStep should stepperStatus validate" duration="15"/>
  </file>
  <file path="C:\Users\Susanta.Samanta\Kibo\Projects\nextjs-storefront\hooks\custom\usePaymentTypes\usePaymentTypes.spec.tsx">
    <testCase name="usePaymentTypes Should provide a payment" duration="27"/>
  </file>
  <file path="C:\Users\Susanta.Samanta\Kibo\Projects\nextjs-storefront\components\checkout\ReviewStep\ReviewStep.spec.tsx">
    <testCase name="[components] PaymentStep should render component" duration="143"/>
  </file>
  <file path="C:\Users\Susanta.Samanta\Kibo\Projects\nextjs-storefront\__test__\unit\pages\index.spec.js">
    <testCase name="Home should run getStaticProps method" duration="6"/>
    <testCase name="Home renders without crashing" duration="132"/>
  </file>
  <file path="C:\Users\Susanta.Samanta\Kibo\Projects\nextjs-storefront\components\product\ProductOptionList\ProductOptionList.spec.tsx">
    <testCase name="[component] - ProductOptionList should render component" duration="148"/>
  </file>
  <file path="C:\Users\Susanta.Samanta\Kibo\Projects\nextjs-storefront\lib\getters\__tests__\productGetters.spec.js">
    <testCase name="[getters] productGetters should return the product name" duration="3"/>
    <testCase name="[getters] productGetters should return the product rating" duration="0"/>
    <testCase name="[getters] productGetters should return the product total reviews" duration="0"/>
    <testCase name="[getters] productGetters should return the product price" duration="2"/>
    <testCase name="[getters] productGetters should return the product price range" duration="2"/>
    <testCase name="[getters] productGetters should return the product description" duration="1"/>
    <testCase name="[getters] productGetters should return the product short description" duration="2"/>
    <testCase name="[getters] productGetters should return the product Gallery" duration="2"/>
    <testCase name="[getters] productGetters should return the product breadcrumbs" duration="2"/>
    <testCase name="[getters] productGetters should return the product properties" duration="1"/>
    <testCase name="[getters] productGetters should return the product selected option value" duration="1"/>
    <testCase name="[getters] productGetters should return the product option name" duration="2"/>
    <testCase name="[getters] productGetters should return the product options" duration="1"/>
    <testCase name="[getters] productGetters should return the product segregated options" duration="2"/>
    <testCase name="[getters] productGetters should return the product fulfillment method" duration="0"/>
    <testCase name="[getters] productGetters should return if the product is validated to add to cart" duration="1"/>
    <testCase name="[getters] productGetters should return url added with protocol if not provided" duration="1"/>
  </file>
  <file path="C:\Users\Susanta.Samanta\Kibo\Projects\nextjs-storefront\lib\helpers\__tests__\validateProductVariations.spec.js">
    <testCase name="[helpers] validateProductVariations function should return true if options are not present and the product is purchasable" duration="3"/>
    <testCase name="[helpers] validateProductVariations function should return false if the product is configurable and options are not selected" duration="1"/>
    <testCase name="[helpers] validateProductVariations function should return true if the product is configured and all options are selected" duration="1"/>
  </file>
  <file path="C:\Users\Susanta.Samanta\Kibo\Projects\nextjs-storefront\__test__\e2e\integration\checkout\Checkout\checkout.spec.tsx">
  </file>
  <file path="C:\Users\Susanta.Samanta\Kibo\Projects\nextjs-storefront\components\layout\Login\LoginDialog\LoginDialog.spec.tsx">
  </file>
  <file path="C:\Users\Susanta.Samanta\Kibo\Projects\nextjs-storefront\__test__\e2e\integration\layout\LoginDialog\LoginDialog.spec.tsx">
  </file>
  <file path="C:\Users\Susanta.Samanta\Kibo\Projects\nextjs-storefront\components\layout\MegaMenu\MegaMenu.spec.tsx">
  </file>
  <file path="C:\Users\Susanta.Samanta\Kibo\Projects\nextjs-storefront\__test__\e2e\integration\layout\MegaMenu\MegaMenu.spec.tsx">
  </file>
  <file path="C:\Users\Susanta.Samanta\Kibo\Projects\nextjs-storefront\components\layout\AppHeader\KiboHeader.spec.js">
  </file>
  <file path="C:\Users\Susanta.Samanta\Kibo\Projects\nextjs-storefront\components\layout\HamburgerMenu\HamburgerMenu.spec.js">
  </file>
</testExecutions>